\BOOKMARK [0][-]{chapter.1}{Introducci\363n}{}% 1
\BOOKMARK [1][-]{section.1.1}{Objetivos}{chapter.1}% 2
\BOOKMARK [1][-]{section.1.2}{Motivaci\363n}{chapter.1}% 3
\BOOKMARK [1][-]{section.1.3}{Organizaci\363n de la memoria}{chapter.1}% 4
\BOOKMARK [0][-]{chapter.2}{Antecedentes}{}% 5
\BOOKMARK [1][-]{section.2.1}{Clasificaci\363n de series temporales. Algoritmos B\341sicos}{chapter.2}% 6
\BOOKMARK [1][-]{section.2.2}{LSTM}{chapter.2}% 7
\BOOKMARK [1][-]{section.2.3}{Clasificaci\363n con clases no balanceadas}{chapter.2}% 8
\BOOKMARK [2][-]{subsection.2.3.1}{T\351cnicas basadas en modificaci\363n del algoritmo}{section.2.3}% 9
\BOOKMARK [2][-]{subsection.2.3.2}{T\351cnicas basadas en la modificaci\363n del conjunto de datos}{section.2.3}% 10
\BOOKMARK [2][-]{subsection.2.3.3}{Otros enfoques}{section.2.3}% 11
\BOOKMARK [0][-]{chapter.3}{LSTMs para clasificaci\363n de series temporales}{}% 12
\BOOKMARK [1][-]{section.3.1}{Descripci\363n}{chapter.3}% 13
\BOOKMARK [1][-]{section.3.2}{Arquitectura}{chapter.3}% 14
\BOOKMARK [1][-]{section.3.3}{Justificaci\363n}{chapter.3}% 15
\BOOKMARK [0][-]{chapter.4}{Oversampling para clasificaci\363n de series temporales}{}% 16
\BOOKMARK [0][-]{chapter.5}{Tratamiento de series temporales de clasificaci\363n multivariadas}{}% 17
\BOOKMARK [0][-]{chapter.6}{Marco Experimental}{}% 18
\BOOKMARK [1][-]{section.6.1}{Datasets}{chapter.6}% 19
\BOOKMARK [1][-]{section.6.2}{Medidas utilizadas}{chapter.6}% 20
\BOOKMARK [1][-]{section.6.3}{Par\341metros de la red}{chapter.6}% 21
\BOOKMARK [0][-]{chapter.7}{Resultados y discusi\363n}{}% 22
\BOOKMARK [0][-]{chapter.8}{Conclusiones y trabajos futuros}{}% 23
